
12월 04, 2024 08:46:45.44 NEW SESSION
12월 04, 2024 08:46:45.45 Created TensorFlow Lite XNNPACK delegate for CPU.
12월 04, 2024 08:46:45.63 [10680:15436:1204/084645.633:ERROR:registration_request.cc(291)] Registration response error message: DEPRECATED_ENDPOINT
12월 04, 2024 08:47:01.97 Created TensorFlow Lite XNNPACK delegate for CPU.
12월 04, 2024 08:47:02.05 [6840:7032:1204/084702.059:ERROR:registration_request.cc(291)] Registration response error message: DEPRECATED_ENDPOINT
12월 04, 2024 08:47:31.42 [6840:7032:1204/084731.429:ERROR:registration_request.cc(291)] Registration response error message: DEPRECATED_ENDPOINT
12월 04, 2024 08:48:27.04 [6840:7032:1204/084827.039:ERROR:registration_request.cc(291)] Registration response error message: DEPRECATED_ENDPOINT
12월 04, 2024 08:50:11.57 [6840:7032:1204/085011.574:ERROR:registration_request.cc(291)] Registration response error message: DEPRECATED_ENDPOINT
12월 04, 2024 08:53:27.52 [6840:7032:1204/085327.522:ERROR:registration_request.cc(291)] Registration response error message: DEPRECATED_ENDPOINT
12월 04, 2024 08:58:53.53 [6840:7032:1204/085853.533:ERROR:registration_request.cc(291)] Registration response error message: DEPRECATED_ENDPOINT

12월 11, 2024 09:44:17.02 NEW SESSION
12월 11, 2024 09:44:17.02 Created TensorFlow Lite XNNPACK delegate for CPU.
12월 11, 2024 09:44:17.10 [10540:12024:1211/094417.107:ERROR:registration_request.cc(291)] Registration response error message: DEPRECATED_ENDPOINT
12월 11, 2024 09:44:37.99 [10540:12024:1211/094437.998:ERROR:connection_factory_impl.cc(434)] Failed to connect to MCS endpoint with error -118
12월 11, 2024 09:44:44.32 [10540:12024:1211/094444.322:ERROR:registration_request.cc(291)] Registration response error message: DEPRECATED_ENDPOINT
12월 11, 2024 09:45:24.42 [10540:12024:1211/094524.420:ERROR:connection_factory_impl.cc(434)] Failed to connect to MCS endpoint with error -118
12월 11, 2024 09:45:34.86 [10540:12024:1211/094534.862:ERROR:registration_request.cc(291)] Registration response error message: DEPRECATED_ENDPOINT
12월 11, 2024 09:46:43.55 [10540:12024:1211/094643.553:ERROR:connection_factory_impl.cc(434)] Failed to connect to MCS endpoint with error -118
12월 11, 2024 09:47:10.08 [10540:12024:1211/094710.086:ERROR:registration_request.cc(291)] Registration response error message: DEPRECATED_ENDPOINT
12월 11, 2024 09:50:35.75 [10540:12024:1211/095035.755:ERROR:registration_request.cc(291)] Registration response error message: DEPRECATED_ENDPOINT
12월 11, 2024 09:57:44.77 [10540:12024:1211/095744.774:ERROR:registration_request.cc(291)] Registration response error message: DEPRECATED_ENDPOINT
12월 11, 2024 10:53:58.01 [10540:12512:1211/105358.016:ERROR:interface_endpoint_client.cc(725)] Message 1 rejected by interface blink.mojom.WidgetHost
12월 11, 2024 10:53:58.01 [10540:12512:1211/105358.016:ERROR:interface_endpoint_client.cc(725)] Message 1 rejected by interface blink.mojom.WidgetHost
12월 11, 2024 13:58:27.11 [10540:12512:1211/135827.117:ERROR:interface_endpoint_client.cc(725)] Message 1 rejected by interface blink.mojom.WidgetHost
